<?xml version="1.0" encoding="UTF-8"?>
<testsuite name="ClientTest" tests="1" skipped="0" failures="0" errors="0" timestamp="2019-02-18T00:43:51" hostname="DESKTOP-BU3HJ01" time="1.402">
  <properties/>
  <testcase name="fakeTest" classname="ClientTest" time="1.402"/>
  <system-out><![CDATA[client created...
No server connection found.
]]></system-out>
  <system-err><![CDATA[]]></system-err>
</testsuite>
