<?xml version="1.0" encoding="UTF-8"?>
<testsuite name="ClientTest" tests="1" skipped="0" failures="0" errors="0" timestamp="2019-03-01T02:07:43" hostname="DESKTOP-F6FEG4K" time="1.008">
  <properties/>
  <testcase name="fakeTest" classname="ClientTest" time="1.008"/>
  <system-out><![CDATA[client created...
No server connection found.
]]></system-out>
  <system-err><![CDATA[]]></system-err>
</testsuite>
