<?xml version="1.0" encoding="UTF-8"?>
<testsuite name="ClientTest" tests="1" skipped="0" failures="0" errors="0" timestamp="2019-02-16T00:19:02" hostname="rover-221-100.rovernet.mtu.edu" time="0.355">
  <properties/>
  <testcase name="fakeTest" classname="ClientTest" time="0.355"/>
  <system-out><![CDATA[]]></system-out>
  <system-err><![CDATA[]]></system-err>
</testsuite>
