<?xml version="1.0" encoding="UTF-8"?>
<testsuite name="ClientTest" tests="1" skipped="0" failures="0" errors="0" timestamp="2019-02-22T18:35:39" hostname="rover-222-163.rovernet.mtu.edu" time="0.014">
  <properties/>
  <testcase name="fakeTest" classname="ClientTest" time="0.014"/>
  <system-out><![CDATA[client created...
No server connection found.
]]></system-out>
  <system-err><![CDATA[]]></system-err>
</testsuite>
