<?xml version="1.0" encoding="UTF-8"?>
<testsuite name="ClientTest" tests="1" skipped="0" failures="0" errors="0" timestamp="2019-02-18T18:36:02" hostname="rover-221-100.rovernet.mtu.edu" time="0.527">
  <properties/>
  <testcase name="fakeTest" classname="ClientTest" time="0.527"/>
  <system-out><![CDATA[client created...
Is socket connected: true
Streams established
wrote object...
Successfully read object: This is a test
]]></system-out>
  <system-err><![CDATA[]]></system-err>
</testsuite>
